<?xml version="1.0" encoding="UTF-8"?>
<testsuite name="calculator.CalculatorTest" tests="1" skipped="0" failures="0" errors="0" timestamp="2022-02-15T13:56:58" hostname="DESKTOP-68VM9AP" time="0.189">
  <properties/>
  <testcase name="divideCalculator()" classname="calculator.CalculatorTest" time="0.189"/>
  <system-out><![CDATA[]]></system-out>
  <system-err><![CDATA[]]></system-err>
</testsuite>
